Using pre-set license
Built from '2020.2/staging' branch; Version is '2020.2.7f1 (c53830e277f1) revision 12924976'; Using compiler version '192528614'; Build Type 'Release'
OS: 'Windows 10 Home Single Language; OS build 22631.4460; Version 2009; 64bit' Language: 'en' Physical Memory: 16219 MB
BatchMode: 1, IsHumanControllingUs: 0, StartBugReporterOnCrash: 0, Is64bit: 1, IsPro: 0

 COMMAND LINE ARGUMENTS:
D:\Program Files\Unity\2020.2.7f1\Editor\Unity.exe
-adb2
-batchMode
-noUpm
-name
AssetImportWorker0
-projectPath
C:/Users/ASUS/Desktop/Praktikum Multimedia/modul 5 unity/ping-pong
-logFile
Logs/AssetImportWorker0.log
-srvPort
55478
Successfully changed project path to: C:/Users/ASUS/Desktop/Praktikum Multimedia/modul 5 unity/ping-pong
C:/Users/ASUS/Desktop/Praktikum Multimedia/modul 5 unity/ping-pong
Using Asset Import Pipeline V2.
Refreshing native plugins compatible for Editor in 21.52 ms, found 0 plugins.
Preloading 0 native plugins for Editor in 0.00 ms.
Initialize engine version: 2020.2.7f1 (c53830e277f1)
[Subsystems] Discovering subsystems at path D:/Program Files/Unity/2020.2.7f1/Editor/Data/Resources/UnitySubsystems
[Subsystems] Discovering subsystems at path C:/Users/ASUS/Desktop/Praktikum Multimedia/modul 5 unity/ping-pong/Assets
GfxDevice: creating device client; threaded=0
Direct3D:
    Version:  Direct3D 11.0 [level 11.1]
    Renderer: NVIDIA GeForce GTX 1650 (ID=0x1f99)
    Vendor:   
    VRAM:     3937 MB
    Driver:   32.0.15.5599
Initialize mono
Mono path[0] = 'D:/Program Files/Unity/2020.2.7f1/Editor/Data/Managed'
Mono path[1] = 'D:/Program Files/Unity/2020.2.7f1/Editor/Data/MonoBleedingEdge/lib/mono/unityjit'
Mono config path = 'D:/Program Files/Unity/2020.2.7f1/Editor/Data/MonoBleedingEdge/etc'
Using monoOptions --debugger-agent=transport=dt_socket,embedding=1,server=y,suspend=n,address=127.0.0.1:56124
Begin MonoManager ReloadAssembly
Registering precompiled unity dll's ...
Register platform support module: D:/Program Files/Unity/2020.2.7f1/Editor/Data/PlaybackEngines/WindowsStandaloneSupport/UnityEditor.WindowsStandalone.Extensions.dll
Registered in 0.000838 seconds.
Native extension for WindowsStandalone target not found
Refreshing native plugins compatible for Editor in 21.29 ms, found 0 plugins.
Preloading 0 native plugins for Editor in 0.00 ms.
Invoked RoslynAnalysisRunner static constructor.
RoslynAnalysisRunner will not be running.
RoslynAnalysisRunner has terminated.
Mono: successfully reloaded assembly
- Completed reload, in  1.018 seconds
Platform modules already initialized, skipping
Registering precompiled user dll's ...
Registered in 0.000668 seconds.
Begin MonoManager ReloadAssembly
Native extension for WindowsStandalone target not found
Refreshing native plugins compatible for Editor in 0.21 ms, found 0 plugins.
Preloading 0 native plugins for Editor in 0.00 ms.
Invoked RoslynAnalysisRunner static constructor.
RoslynAnalysisRunner will not be running.
RoslynAnalysisRunner has terminated.
Mono: successfully reloaded assembly
- Completed reload, in  0.721 seconds
Platform modules already initialized, skipping
========================================================================
Worker process is ready to serve import requests
Launched and connected shader compiler UnityShaderCompiler.exe after 0.04 seconds
Refreshing native plugins compatible for Editor in 0.20 ms, found 0 plugins.
Preloading 0 native plugins for Editor in 0.00 ms.
Unloading 1207 Unused Serialized files (Serialized files now loaded: 0)
System memory in use before: 61.1 MB.
System memory in use after: 61.2 MB.

Unloading 13 unused Assets to reduce memory usage. Loaded Objects now: 1653.
Total: 1.542500 ms (FindLiveObjects: 0.148700 ms CreateObjectMapping: 0.045000 ms MarkObjects: 1.290400 ms  DeleteObjects: 0.057200 ms)

========================================================================
Received Import Request.
  path: Assets/Audio/bgm song 1.wav
  artifactKey: Guid(cb7ca2205f94def49b8d5119d62c7857) Importer(815301076,1909f56bfc062723c751e8b465ee728b)
Start importing Assets/Audio/bgm song 1.wav using Guid(cb7ca2205f94def49b8d5119d62c7857) Importer(815301076,1909f56bfc062723c751e8b465ee728b)  -> (artifact id: '51a592eb370396963565889235ece34b') in 0.064001 seconds
  Import took 0.067311 seconds .

========================================================================
Received Import Request.
  Time since last request: 90.038026 seconds.
  path: Assets/Audio
  artifactKey: Guid(1cab99d02a8236f4ca1f416a05b66a68) Importer(815301076,1909f56bfc062723c751e8b465ee728b)
Start importing Assets/Audio using Guid(1cab99d02a8236f4ca1f416a05b66a68) Importer(815301076,1909f56bfc062723c751e8b465ee728b)  -> (artifact id: '84bd6f41b039e0509c953cf979effcb4') in 0.011579 seconds
  Import took 0.014414 seconds .

========================================================================
Received Import Request.
  Time since last request: 290.828023 seconds.
  path: Assets/Audio/bgm-menu.mp3
  artifactKey: Guid(8973c2646e46e8648938a7dd97f9ff3d) Importer(815301076,1909f56bfc062723c751e8b465ee728b)
Start importing Assets/Audio/bgm-menu.mp3 using Guid(8973c2646e46e8648938a7dd97f9ff3d) Importer(815301076,1909f56bfc062723c751e8b465ee728b)  -> (artifact id: '69ebf6ee7aa07cd5ce90152e9102e153') in 0.062759 seconds
  Import took 0.065133 seconds .

========================================================================
Received Prepare
Registering precompiled user dll's ...
Registered in 0.000534 seconds.
Begin MonoManager ReloadAssembly
Native extension for WindowsStandalone target not found
Refreshing native plugins compatible for Editor in 0.19 ms, found 0 plugins.
Preloading 0 native plugins for Editor in 0.00 ms.
Invoked RoslynAnalysisRunner static constructor.
RoslynAnalysisRunner will not be running.
RoslynAnalysisRunner has terminated.
Mono: successfully reloaded assembly
- Completed reload, in  0.634 seconds
Platform modules already initialized, skipping
Refreshing native plugins compatible for Editor in 0.22 ms, found 0 plugins.
Preloading 0 native plugins for Editor in 0.00 ms.
Unloading 1188 Unused Serialized files (Serialized files now loaded: 0)
System memory in use before: 63.1 MB.
System memory in use after: 63.2 MB.

Unloading 4 unused Assets to reduce memory usage. Loaded Objects now: 1665.
Total: 1.618100 ms (FindLiveObjects: 0.123700 ms CreateObjectMapping: 0.031200 ms MarkObjects: 1.445900 ms  DeleteObjects: 0.016200 ms)

========================================================================
Received Prepare
Registering precompiled user dll's ...
Registered in 0.000851 seconds.
Begin MonoManager ReloadAssembly
Native extension for WindowsStandalone target not found
Refreshing native plugins compatible for Editor in 0.34 ms, found 0 plugins.
Preloading 0 native plugins for Editor in 0.00 ms.
Invoked RoslynAnalysisRunner static constructor.
RoslynAnalysisRunner will not be running.
RoslynAnalysisRunner has terminated.
Mono: successfully reloaded assembly
- Completed reload, in  0.780 seconds
Platform modules already initialized, skipping
Refreshing native plugins compatible for Editor in 0.33 ms, found 0 plugins.
Preloading 0 native plugins for Editor in 0.00 ms.
Unloading 1188 Unused Serialized files (Serialized files now loaded: 0)
System memory in use before: 63.1 MB.
System memory in use after: 63.2 MB.

Unloading 4 unused Assets to reduce memory usage. Loaded Objects now: 1668.
Total: 1.748400 ms (FindLiveObjects: 0.303100 ms CreateObjectMapping: 0.052200 ms MarkObjects: 1.377400 ms  DeleteObjects: 0.013700 ms)

========================================================================
Received Prepare
Refreshing native plugins compatible for Editor in 0.80 ms, found 0 plugins.
Preloading 0 native plugins for Editor in 0.00 ms.
Unloading 2 Unused Serialized files (Serialized files now loaded: 0)
System memory in use before: 39.6 MB.
System memory in use after: 39.8 MB.

Unloading 2 unused Assets to reduce memory usage. Loaded Objects now: 1668.
Total: 1.747800 ms (FindLiveObjects: 0.186700 ms CreateObjectMapping: 0.042700 ms MarkObjects: 1.506900 ms  DeleteObjects: 0.010700 ms)

========================================================================
Received Prepare
Refreshing native plugins compatible for Editor in 0.76 ms, found 0 plugins.
Preloading 0 native plugins for Editor in 0.00 ms.
Unloading 2 Unused Serialized files (Serialized files now loaded: 0)
System memory in use before: 39.6 MB.
System memory in use after: 39.8 MB.

Unloading 2 unused Assets to reduce memory usage. Loaded Objects now: 1668.
Total: 2.862700 ms (FindLiveObjects: 0.250500 ms CreateObjectMapping: 0.054900 ms MarkObjects: 2.539600 ms  DeleteObjects: 0.015800 ms)

AssetImportWorkerClient::OnTransportError - code=2 error=End of file
